<?xml version="1.0" encoding="UTF-8"?>
<testng-results ignored="0" total="1" passed="1" failed="0" skipped="0">
  <reporter-output>
  </reporter-output>
  <suite started-at="2022-04-19T15:28:31 IST" name="Suite" finished-at="2022-04-19T15:28:50 IST" duration-ms="19365">
    <groups>
    </groups>
    <test started-at="2022-04-19T15:28:31 IST" name="Test" finished-at="2022-04-19T15:28:50 IST" duration-ms="19365">
      <class name="testscripts.ProjectActivity9">
        <test-method is-config="true" signature="initiateDriver()[pri:0, instance:testscripts.ProjectActivity9@71a8adcf]" started-at="2022-04-19T15:28:31 IST" name="initiateDriver" finished-at="2022-04-19T15:28:39 IST" duration-ms="8242" status="PASS">
          <reporter-output>
          </reporter-output>
        </test-method> <!-- initiateDriver -->
        <test-method signature="Activity9()[pri:0, instance:testscripts.ProjectActivity9@71a8adcf]" started-at="2022-04-19T15:28:39 IST" name="Activity9" finished-at="2022-04-19T15:28:49 IST" duration-ms="9317" status="PASS">
          <reporter-output>
          </reporter-output>
        </test-method> <!-- Activity9 -->
        <test-method is-config="true" signature="closeBrowser()[pri:0, instance:testscripts.ProjectActivity9@71a8adcf]" started-at="2022-04-19T15:28:49 IST" name="closeBrowser" finished-at="2022-04-19T15:28:50 IST" duration-ms="1741" status="PASS">
          <reporter-output>
          </reporter-output>
        </test-method> <!-- closeBrowser -->
      </class> <!-- testscripts.ProjectActivity9 -->
    </test> <!-- Test -->
  </suite> <!-- Suite -->
</testng-results>
